[28-Aug-2024 19:35:19 UTC] PHP Warning:  Attempt to read property "title" on null in /Users/tjjaglinski/Local Sites/dcso-local-website/app/public/wp-includes/class-wp-customize-widgets.php on line 905
[28-Aug-2024 20:07:51 UTC] PHP Warning:  Attempt to read property "title" on null in /Users/tjjaglinski/Local Sites/dcso-local-website/app/public/wp-includes/class-wp-customize-widgets.php on line 905
[28-Aug-2024 20:32:38 UTC] [Image Optimizer]: info in ImageOptimization\Modules\Core\Components\Migrations->run_migration(): The migration `fix_optimized_size_keys` successfully executed.
[28-Aug-2024 20:32:38 UTC] [Image Optimizer]: info in ImageOptimization\Modules\Core\Components\Migrations->run_migration(): The migration `fix_mime_type` successfully executed.
[28-Aug-2024 20:32:45 UTC] [Image Optimizer]: info in ImageOptimization\Modules\ConnectManager\Components\Connect->get_connect_status(): Status check error. Reason: User is not connected
[28-Aug-2024 20:32:58 UTC] [Image Optimizer]: info in ImageOptimization\Modules\ConnectManager\Components\Connect->get_connect_status(): Status check error. Reason: User is not connected
[28-Aug-2024 20:53:29 UTC] [Image Optimizer]: info in ImageOptimization\Modules\Optimization\Classes\Optimize_Image->optimize(): Start optimization of 88
[28-Aug-2024 20:53:40 UTC] [Image Optimizer]: info in ImageOptimization\Modules\Optimization\Classes\Optimize_Image->optimize(): End optimization of 88
[28-Aug-2024 20:53:45 UTC] [Image Optimizer]: info in ImageOptimization\Modules\Optimization\Classes\Optimize_Image->optimize(): Start optimization of 89
[28-Aug-2024 20:53:51 UTC] [Image Optimizer]: info in ImageOptimization\Modules\Optimization\Classes\Optimize_Image->optimize(): End optimization of 89
[28-Aug-2024 20:54:42 UTC] PHP Warning:  Undefined array key "id" in /Users/tjjaglinski/Local Sites/dcso-local-website/app/public/wp-content/plugins/elementor/includes/managers/image.php on line 41
[28-Aug-2024 20:54:42 UTC] PHP Warning:  Undefined array key "id" in /Users/tjjaglinski/Local Sites/dcso-local-website/app/public/wp-content/plugins/elementor/includes/managers/image.php on line 41
[28-Aug-2024 20:54:42 UTC] PHP Warning:  Trying to access array offset on value of type bool in /Users/tjjaglinski/Local Sites/dcso-local-website/app/public/wp-content/plugins/elementor/includes/managers/image.php on line 113
[28-Aug-2024 20:54:42 UTC] PHP Warning:  Trying to access array offset on value of type bool in /Users/tjjaglinski/Local Sites/dcso-local-website/app/public/wp-content/plugins/elementor/includes/managers/image.php on line 113
[28-Aug-2024 20:54:42 UTC] PHP Warning:  Trying to access array offset on value of type bool in /Users/tjjaglinski/Local Sites/dcso-local-website/app/public/wp-content/plugins/elementor/includes/managers/image.php on line 113
[28-Aug-2024 20:54:42 UTC] PHP Warning:  Trying to access array offset on value of type bool in /Users/tjjaglinski/Local Sites/dcso-local-website/app/public/wp-content/plugins/elementor/includes/managers/image.php on line 113
[28-Aug-2024 20:54:42 UTC] PHP Warning:  Trying to access array offset on value of type bool in /Users/tjjaglinski/Local Sites/dcso-local-website/app/public/wp-content/plugins/elementor/includes/managers/image.php on line 113
[28-Aug-2024 20:54:42 UTC] PHP Warning:  Trying to access array offset on value of type bool in /Users/tjjaglinski/Local Sites/dcso-local-website/app/public/wp-content/plugins/elementor/includes/managers/image.php on line 113
[28-Aug-2024 20:54:42 UTC] PHP Warning:  Trying to access array offset on value of type bool in /Users/tjjaglinski/Local Sites/dcso-local-website/app/public/wp-content/plugins/elementor/includes/managers/image.php on line 113
[28-Aug-2024 20:54:42 UTC] PHP Warning:  Trying to access array offset on value of type bool in /Users/tjjaglinski/Local Sites/dcso-local-website/app/public/wp-content/plugins/elementor/includes/managers/image.php on line 113
[28-Aug-2024 20:55:38 UTC] [Image Optimizer]: info in ImageOptimization\Modules\Optimization\Classes\Optimize_Image->optimize(): Start optimization of 90
[28-Aug-2024 20:55:53 UTC] [Image Optimizer]: info in ImageOptimization\Modules\Optimization\Classes\Optimize_Image->optimize(): End optimization of 90
[28-Aug-2024 20:56:41 UTC] [Image Optimizer]: info in ImageOptimization\Modules\Optimization\Classes\Optimize_Image->optimize(): Start optimization of 91
[28-Aug-2024 20:56:55 UTC] [Image Optimizer]: info in ImageOptimization\Modules\Optimization\Classes\Optimize_Image->optimize(): End optimization of 91
[29-Aug-2024 12:03:11 UTC] PHP Warning:  Undefined array key "editor_post_id" in /Users/tjjaglinski/Local Sites/dcso-local-website/app/public/wp-content/plugins/elementor/includes/managers/widgets.php on line 378
[29-Aug-2024 12:04:20 UTC] PHP Warning:  Undefined array key "editor_post_id" in /Users/tjjaglinski/Local Sites/dcso-local-website/app/public/wp-content/plugins/elementor/includes/managers/widgets.php on line 378
[29-Aug-2024 12:16:37 UTC] PHP Warning:  Undefined array key "editor_post_id" in /Users/tjjaglinski/Local Sites/dcso-local-website/app/public/wp-content/plugins/elementor/includes/managers/widgets.php on line 378
[29-Aug-2024 12:16:46 UTC] PHP Warning:  Undefined array key "editor_post_id" in /Users/tjjaglinski/Local Sites/dcso-local-website/app/public/wp-content/plugins/elementor/includes/managers/widgets.php on line 378
[29-Aug-2024 12:17:49 UTC] PHP Warning:  Undefined array key "editor_post_id" in /Users/tjjaglinski/Local Sites/dcso-local-website/app/public/wp-content/plugins/elementor/includes/managers/widgets.php on line 378
[29-Aug-2024 12:18:40 UTC] PHP Warning:  Undefined array key "editor_post_id" in /Users/tjjaglinski/Local Sites/dcso-local-website/app/public/wp-content/plugins/elementor/includes/managers/widgets.php on line 378
[29-Aug-2024 14:25:48 UTC] [Image Optimizer]: info in ImageOptimization\Modules\Optimization\Classes\Optimize_Image->optimize(): Start optimization of 127
[29-Aug-2024 14:25:55 UTC] [Image Optimizer]: info in ImageOptimization\Modules\Optimization\Classes\Optimize_Image->optimize(): End optimization of 127
[29-Aug-2024 15:38:50 UTC] PHP Warning:  Undefined array key "editor_post_id" in /Users/tjjaglinski/Local Sites/dcso-local-website/app/public/wp-content/plugins/elementor/includes/managers/widgets.php on line 378
[29-Aug-2024 15:48:38 UTC] [Image Optimizer]: info in ImageOptimization\Modules\Optimization\Classes\Optimize_Image->optimize(): Start optimization of 139
[29-Aug-2024 15:48:44 UTC] [Image Optimizer]: info in ImageOptimization\Modules\Optimization\Classes\Optimize_Image->optimize(): End optimization of 139
[29-Aug-2024 16:01:44 UTC] PHP Warning:  Undefined array key "editor_post_id" in /Users/tjjaglinski/Local Sites/dcso-local-website/app/public/wp-content/plugins/elementor/includes/managers/widgets.php on line 378
[29-Aug-2024 16:04:43 UTC] PHP Warning:  Undefined array key "editor_post_id" in /Users/tjjaglinski/Local Sites/dcso-local-website/app/public/wp-content/plugins/elementor/includes/managers/widgets.php on line 378
[29-Aug-2024 16:07:55 UTC] [Image Optimizer]: info in ImageOptimization\Modules\Optimization\Classes\Optimize_Image->optimize(): Start optimization of 144
[29-Aug-2024 16:07:57 UTC] [Image Optimizer]: info in ImageOptimization\Modules\Optimization\Classes\Optimize_Image->optimize(): End optimization of 144
[29-Aug-2024 16:11:06 UTC] PHP Warning:  Undefined array key "editor_post_id" in /Users/tjjaglinski/Local Sites/dcso-local-website/app/public/wp-content/plugins/elementor/includes/managers/widgets.php on line 378
[29-Aug-2024 16:11:14 UTC] PHP Warning:  Undefined array key "editor_post_id" in /Users/tjjaglinski/Local Sites/dcso-local-website/app/public/wp-content/plugins/elementor/includes/managers/widgets.php on line 378
[29-Aug-2024 16:24:10 UTC] [Image Optimizer]: info in ImageOptimization\Modules\Optimization\Classes\Optimize_Image->optimize(): Start optimization of 152
[29-Aug-2024 16:24:20 UTC] [Image Optimizer]: info in ImageOptimization\Modules\Optimization\Classes\Optimize_Image->optimize(): End optimization of 152
[29-Aug-2024 16:24:25 UTC] [Image Optimizer]: info in ImageOptimization\Modules\Optimization\Classes\Optimize_Image->optimize(): Start optimization of 153
[29-Aug-2024 16:24:31 UTC] [Image Optimizer]: info in ImageOptimization\Modules\Optimization\Classes\Optimize_Image->optimize(): End optimization of 153
[29-Aug-2024 16:24:31 UTC] [Image Optimizer]: info in ImageOptimization\Modules\Optimization\Classes\Optimize_Image->optimize(): Start optimization of 154
[29-Aug-2024 16:24:40 UTC] [Image Optimizer]: info in ImageOptimization\Modules\Optimization\Classes\Optimize_Image->optimize(): End optimization of 154
[29-Aug-2024 17:09:53 UTC] [Image Optimizer]: info in ImageOptimization\Modules\Optimization\Classes\Optimize_Image->optimize(): Start optimization of 155
[29-Aug-2024 17:09:54 UTC] [Image Optimizer]: info in ImageOptimization\Modules\Optimization\Classes\Optimize_Image->optimize(): End optimization of 155
[29-Aug-2024 19:28:01 UTC] PHP Warning:  Undefined array key "editor_post_id" in /Users/tjjaglinski/Local Sites/dcso-local-website/app/public/wp-content/plugins/elementor/includes/managers/widgets.php on line 378
[29-Aug-2024 19:33:10 UTC] PHP Warning:  Undefined array key "editor_post_id" in /Users/tjjaglinski/Local Sites/dcso-local-website/app/public/wp-content/plugins/elementor/includes/managers/widgets.php on line 378
[29-Aug-2024 19:48:30 UTC] PHP Warning:  Undefined array key "editor_post_id" in /Users/tjjaglinski/Local Sites/dcso-local-website/app/public/wp-content/plugins/elementor/includes/managers/widgets.php on line 378
[29-Aug-2024 19:55:46 UTC] [Image Optimizer]: info in ImageOptimization\Modules\Optimization\Classes\Optimize_Image->optimize(): Start optimization of 170
[29-Aug-2024 19:55:53 UTC] [Image Optimizer]: info in ImageOptimization\Modules\Optimization\Classes\Optimize_Image->optimize(): End optimization of 170
[29-Aug-2024 20:14:41 UTC] [Image Optimizer]: info in ImageOptimization\Modules\Optimization\Classes\Optimize_Image->optimize(): Start optimization of 184
[29-Aug-2024 20:14:50 UTC] [Image Optimizer]: info in ImageOptimization\Modules\Optimization\Classes\Optimize_Image->optimize(): End optimization of 184
[29-Aug-2024 20:48:45 UTC] PHP Warning:  Undefined array key "editor_post_id" in /Users/tjjaglinski/Local Sites/dcso-local-website/app/public/wp-content/plugins/elementor/includes/managers/widgets.php on line 378
[29-Aug-2024 21:29:59 UTC] PHP Fatal error:  Array and string offset access syntax with curly braces is no longer supported in /Users/tjjaglinski/Local Sites/dcso-local-website/app/public/wp-content/plugins/wpsearch/WPSearch/Backends/Phplucene/Zend/Search/Lucene/Storage/File.php on line 161
[29-Aug-2024 21:30:10 UTC] PHP Fatal error:  Array and string offset access syntax with curly braces is no longer supported in /Users/tjjaglinski/Local Sites/dcso-local-website/app/public/wp-content/plugins/wpsearch/WPSearch/Backends/Phplucene/Zend/Search/Lucene/Storage/File.php on line 161
[29-Aug-2024 21:30:14 UTC] PHP Fatal error:  Array and string offset access syntax with curly braces is no longer supported in /Users/tjjaglinski/Local Sites/dcso-local-website/app/public/wp-content/plugins/wpsearch/WPSearch/Backends/Phplucene/Zend/Search/Lucene/Storage/File.php on line 161
[29-Aug-2024 21:30:14 UTC] PHP Fatal error:  Array and string offset access syntax with curly braces is no longer supported in /Users/tjjaglinski/Local Sites/dcso-local-website/app/public/wp-content/plugins/wpsearch/WPSearch/Backends/Phplucene/Zend/Search/Lucene/Storage/File.php on line 161
[29-Aug-2024 21:30:22 UTC] PHP Fatal error:  Array and string offset access syntax with curly braces is no longer supported in /Users/tjjaglinski/Local Sites/dcso-local-website/app/public/wp-content/plugins/wpsearch/WPSearch/Backends/Phplucene/Zend/Search/Lucene/Storage/File.php on line 161
[29-Aug-2024 21:30:28 UTC] PHP Fatal error:  Array and string offset access syntax with curly braces is no longer supported in /Users/tjjaglinski/Local Sites/dcso-local-website/app/public/wp-content/plugins/wpsearch/WPSearch/Backends/Phplucene/Zend/Search/Lucene/Storage/File.php on line 161
[29-Aug-2024 21:30:28 UTC] PHP Fatal error:  Array and string offset access syntax with curly braces is no longer supported in /Users/tjjaglinski/Local Sites/dcso-local-website/app/public/wp-content/plugins/wpsearch/WPSearch/Backends/Phplucene/Zend/Search/Lucene/Storage/File.php on line 161
[29-Aug-2024 21:37:00 UTC] Cron reschedule event error for hook: action_scheduler_run_queue, Error code: invalid_schedule, Error message: Event schedule does not exist., Data: {"schedule":"every_minute","args":["WP Cron"],"interval":60}
[29-Aug-2024 21:38:03 UTC] PHP Fatal error:  Array and string offset access syntax with curly braces is no longer supported in /Users/tjjaglinski/Local Sites/dcso-local-website/app/public/wp-content/plugins/wpsearch/WPSearch/Backends/Phplucene/Zend/Search/Lucene/Storage/File.php on line 161
[29-Aug-2024 21:38:03 UTC] PHP Fatal error:  Array and string offset access syntax with curly braces is no longer supported in /Users/tjjaglinski/Local Sites/dcso-local-website/app/public/wp-content/plugins/wpsearch/WPSearch/Backends/Phplucene/Zend/Search/Lucene/Storage/File.php on line 161
[29-Aug-2024 22:00:40 UTC] [Image Optimizer]: info in ImageOptimization\Modules\Optimization\Classes\Optimize_Image->optimize(): Start optimization of 253
[29-Aug-2024 22:00:41 UTC] [Image Optimizer]: info in ImageOptimization\Modules\Optimization\Classes\Optimize_Image->optimize(): End optimization of 253
[29-Aug-2024 22:16:55 UTC] [Image Optimizer]: info in ImageOptimization\Modules\Optimization\Classes\Optimize_Image->optimize(): Start optimization of 257
[29-Aug-2024 22:16:57 UTC] [Image Optimizer]: info in ImageOptimization\Modules\Optimization\Classes\Optimize_Image->optimize(): End optimization of 257
[30-Aug-2024 12:23:55 UTC] [Image Optimizer]: info in ImageOptimization\Modules\Optimization\Classes\Optimize_Image->optimize(): Start optimization of 278
[30-Aug-2024 12:23:57 UTC] [Image Optimizer]: info in ImageOptimization\Modules\Optimization\Classes\Optimize_Image->optimize(): End optimization of 278
[30-Aug-2024 12:23:57 UTC] [Image Optimizer]: info in ImageOptimization\Modules\Optimization\Classes\Optimize_Image->optimize(): Start optimization of 279
[30-Aug-2024 12:23:57 UTC] [Image Optimizer]: info in ImageOptimization\Modules\Optimization\Classes\Optimize_Image->optimize(): End optimization of 279
[30-Aug-2024 12:23:57 UTC] [Image Optimizer]: info in ImageOptimization\Modules\Optimization\Classes\Optimize_Image->optimize(): Start optimization of 280
[30-Aug-2024 12:23:59 UTC] [Image Optimizer]: info in ImageOptimization\Modules\Optimization\Classes\Optimize_Image->optimize(): End optimization of 280
[30-Aug-2024 12:23:59 UTC] [Image Optimizer]: info in ImageOptimization\Modules\Optimization\Classes\Optimize_Image->optimize(): Start optimization of 281
[30-Aug-2024 12:24:01 UTC] [Image Optimizer]: info in ImageOptimization\Modules\Optimization\Classes\Optimize_Image->optimize(): End optimization of 281
[30-Aug-2024 12:33:00 UTC] [Image Optimizer]: info in ImageOptimization\Modules\Optimization\Classes\Optimize_Image->optimize(): Start optimization of 292
[30-Aug-2024 12:33:02 UTC] [Image Optimizer]: info in ImageOptimization\Modules\Optimization\Classes\Optimize_Image->optimize(): End optimization of 292
[30-Aug-2024 12:55:59 UTC] [Image Optimizer]: info in ImageOptimization\Modules\Optimization\Classes\Optimize_Image->optimize(): Start optimization of 300
[30-Aug-2024 12:56:04 UTC] [Image Optimizer]: info in ImageOptimization\Modules\Optimization\Classes\Optimize_Image->optimize(): End optimization of 300
[30-Aug-2024 12:59:59 UTC] [Image Optimizer]: info in ImageOptimization\Modules\Optimization\Classes\Optimize_Image->optimize(): Start optimization of 301
[30-Aug-2024 13:00:03 UTC] [Image Optimizer]: info in ImageOptimization\Modules\Optimization\Classes\Optimize_Image->optimize(): End optimization of 301
[30-Aug-2024 13:02:55 UTC] [Image Optimizer]: info in ImageOptimization\Modules\Optimization\Classes\Optimize_Image->optimize(): Start optimization of 302
[30-Aug-2024 13:02:57 UTC] [Image Optimizer]: info in ImageOptimization\Modules\Optimization\Classes\Optimize_Image->optimize(): End optimization of 302
[30-Aug-2024 13:24:05 UTC] PHP Warning:  Undefined array key "editor_post_id" in /Users/tjjaglinski/Local Sites/dcso-local-website/app/public/wp-content/plugins/elementor/includes/managers/widgets.php on line 378
[30-Aug-2024 13:43:44 UTC] PHP Warning:  Undefined array key "label" in /Users/tjjaglinski/Local Sites/dcso-local-website/app/public/wp-content/plugins/elementor/modules/ai/connect/ai.php on line 607
[30-Aug-2024 13:43:44 UTC] PHP Warning:  Undefined array key "label" in /Users/tjjaglinski/Local Sites/dcso-local-website/app/public/wp-content/plugins/elementor/modules/ai/connect/ai.php on line 607
[30-Aug-2024 13:43:44 UTC] PHP Warning:  Undefined array key "nested-elements" in /Users/tjjaglinski/Local Sites/dcso-local-website/app/public/wp-content/plugins/elementor/modules/ai/connect/ai.php on line 635
[30-Aug-2024 13:43:44 UTC] PHP Warning:  Undefined array key "nested-elements" in /Users/tjjaglinski/Local Sites/dcso-local-website/app/public/wp-content/plugins/elementor/modules/ai/connect/ai.php on line 635
[30-Aug-2024 13:43:44 UTC] PHP Warning:  Undefined array key "taxonomy-filter" in /Users/tjjaglinski/Local Sites/dcso-local-website/app/public/wp-content/plugins/elementor/modules/ai/connect/ai.php on line 639
[30-Aug-2024 13:43:44 UTC] PHP Warning:  Undefined array key "taxonomy-filter" in /Users/tjjaglinski/Local Sites/dcso-local-website/app/public/wp-content/plugins/elementor/modules/ai/connect/ai.php on line 639
[30-Aug-2024 13:43:44 UTC] PHP Warning:  Undefined array key "mega-menu" in /Users/tjjaglinski/Local Sites/dcso-local-website/app/public/wp-content/plugins/elementor/modules/ai/connect/ai.php on line 643
[30-Aug-2024 13:43:44 UTC] PHP Warning:  Undefined array key "mega-menu" in /Users/tjjaglinski/Local Sites/dcso-local-website/app/public/wp-content/plugins/elementor/modules/ai/connect/ai.php on line 643
[30-Aug-2024 13:43:50 UTC] PHP Warning:  Undefined array key "label" in /Users/tjjaglinski/Local Sites/dcso-local-website/app/public/wp-content/plugins/elementor/modules/ai/connect/ai.php on line 607
[30-Aug-2024 13:43:50 UTC] PHP Warning:  Undefined array key "nested-elements" in /Users/tjjaglinski/Local Sites/dcso-local-website/app/public/wp-content/plugins/elementor/modules/ai/connect/ai.php on line 635
[30-Aug-2024 13:43:50 UTC] PHP Warning:  Undefined array key "taxonomy-filter" in /Users/tjjaglinski/Local Sites/dcso-local-website/app/public/wp-content/plugins/elementor/modules/ai/connect/ai.php on line 639
[30-Aug-2024 13:43:50 UTC] PHP Warning:  Undefined array key "mega-menu" in /Users/tjjaglinski/Local Sites/dcso-local-website/app/public/wp-content/plugins/elementor/modules/ai/connect/ai.php on line 643
[30-Aug-2024 16:59:34 UTC] PHP Warning:  Undefined array key "anchor" in /Users/tjjaglinski/Local Sites/dcso-local-website/app/public/wp-content/plugins/elementor/includes/widgets/menu-anchor.php on line 182
[30-Aug-2024 17:15:59 UTC] [Image Optimizer]: info in ImageOptimization\Modules\Optimization\Classes\Optimize_Image->optimize(): Start optimization of 365
[30-Aug-2024 17:16:06 UTC] [Image Optimizer]: info in ImageOptimization\Modules\Optimization\Classes\Optimize_Image->optimize(): End optimization of 365
[30-Aug-2024 17:20:30 UTC] PHP Warning:  Undefined array key "anchor" in /Users/tjjaglinski/Local Sites/dcso-local-website/app/public/wp-content/plugins/elementor/includes/widgets/menu-anchor.php on line 182
[30-Aug-2024 17:26:49 UTC] PHP Warning:  Undefined array key "anchor" in /Users/tjjaglinski/Local Sites/dcso-local-website/app/public/wp-content/plugins/elementor/includes/widgets/menu-anchor.php on line 182
[30-Aug-2024 17:31:22 UTC] PHP Warning:  Undefined array key "anchor" in /Users/tjjaglinski/Local Sites/dcso-local-website/app/public/wp-content/plugins/elementor/includes/widgets/menu-anchor.php on line 182
[30-Aug-2024 17:36:23 UTC] PHP Warning:  Undefined array key "anchor" in /Users/tjjaglinski/Local Sites/dcso-local-website/app/public/wp-content/plugins/elementor/includes/widgets/menu-anchor.php on line 182
[30-Aug-2024 17:37:00 UTC] PHP Warning:  Undefined array key "anchor" in /Users/tjjaglinski/Local Sites/dcso-local-website/app/public/wp-content/plugins/elementor/includes/widgets/menu-anchor.php on line 182
[30-Aug-2024 17:37:45 UTC] PHP Warning:  Undefined array key "anchor" in /Users/tjjaglinski/Local Sites/dcso-local-website/app/public/wp-content/plugins/elementor/includes/widgets/menu-anchor.php on line 182
[30-Aug-2024 17:38:41 UTC] PHP Warning:  Undefined array key "anchor" in /Users/tjjaglinski/Local Sites/dcso-local-website/app/public/wp-content/plugins/elementor/includes/widgets/menu-anchor.php on line 182
[30-Aug-2024 17:40:11 UTC] PHP Warning:  Undefined array key "anchor" in /Users/tjjaglinski/Local Sites/dcso-local-website/app/public/wp-content/plugins/elementor/includes/widgets/menu-anchor.php on line 182
[30-Aug-2024 17:44:35 UTC] PHP Warning:  Undefined array key "anchor" in /Users/tjjaglinski/Local Sites/dcso-local-website/app/public/wp-content/plugins/elementor/includes/widgets/menu-anchor.php on line 182
[30-Aug-2024 17:46:40 UTC] PHP Warning:  Undefined array key "anchor" in /Users/tjjaglinski/Local Sites/dcso-local-website/app/public/wp-content/plugins/elementor/includes/widgets/menu-anchor.php on line 182
[30-Aug-2024 17:48:34 UTC] PHP Warning:  Undefined array key "anchor" in /Users/tjjaglinski/Local Sites/dcso-local-website/app/public/wp-content/plugins/elementor/includes/widgets/menu-anchor.php on line 182
[30-Aug-2024 20:29:16 UTC] [Image Optimizer]: info in ImageOptimization\Modules\Optimization\Classes\Optimize_Image->optimize(): Start optimization of 491
[30-Aug-2024 20:29:19 UTC] [Image Optimizer]: info in ImageOptimization\Modules\Optimization\Classes\Optimize_Image->optimize(): End optimization of 491
[30-Aug-2024 20:39:56 UTC] [Image Optimizer]: info in ImageOptimization\Modules\Optimization\Classes\Optimize_Image->optimize(): Start optimization of 496
[30-Aug-2024 20:39:58 UTC] [Image Optimizer]: info in ImageOptimization\Modules\Optimization\Classes\Optimize_Image->optimize(): End optimization of 496
